
{"level":"info","ts":1722505966.878648,"caller":"http/server.go:79","msg":"Starting http server: 0.0.0.0:8080"}
{"level":"info","ts":1722506017.7568088,"caller":"http/server.go:79","msg":"Starting http server: 0.0.0.0:8080"}
{"level":"info","ts":1722506206.6256673,"caller":"http/server.go:79","msg":"Starting http server: 0.0.0.0:8080"}
{"level":"info","ts":1722506441.206066,"caller":"http/server.go:79","msg":"Starting http server: 0.0.0.0:8080"}
{"level":"info","ts":1722506799.2506802,"caller":"http/server.go:79","msg":"Starting http server: 0.0.0.0:8080"}
{"level":"info","ts":1722506799.252199,"caller":"grpc/server.go:66","msg":"Starting grpc server: 127.0.0.1:8081"}
{"level":"info","ts":1722506911.8316026,"caller":"http/server.go:79","msg":"Starting http server: 0.0.0.0:8080"}
{"level":"info","ts":1722506911.8329866,"caller":"grpc/server.go:66","msg":"Starting grpc server: 127.0.0.1:8081"}
{"level":"info","ts":1722506949.227608,"caller":"http/server.go:79","msg":"Starting http server: 0.0.0.0:8080"}
{"level":"info","ts":1722506949.2289932,"caller":"grpc/server.go:66","msg":"Starting grpc server: 127.0.0.1:8081"}
{"level":"info","ts":1722506962.9839432,"caller":"http/server.go:79","msg":"Starting http server: 0.0.0.0:8080"}
{"level":"info","ts":1722506965.1301095,"caller":"grpc/server.go:66","msg":"Starting grpc server: 127.0.0.1:8081"}
{"level":"info","ts":1722507062.6541343,"caller":"grpc/server.go:66","msg":"Starting grpc server: 127.0.0.1:8081"}
{"level":"info","ts":1722507062.6555264,"caller":"http/server.go:79","msg":"Starting http server: 0.0.0.0:8080"}
{"level":"info","ts":1722507343.081736,"caller":"http/server.go:79","msg":"Starting http server: 0.0.0.0:8080"}
{"level":"info","ts":1722507343.0830686,"caller":"grpc/server.go:66","msg":"Starting grpc server: 127.0.0.1:8081"}
{"level":"info","ts":1722507562.1281996,"caller":"http/server.go:107","msg":"Starting http server: 0.0.0.0:8080"}
{"level":"info","ts":1722507562.1297596,"caller":"grpc/server.go:66","msg":"Starting grpc server: 127.0.0.1:8081"}
{"level":"info","ts":1722507729.4272091,"caller":"http/server.go:107","msg":"Starting http server: 0.0.0.0:8080"}
{"level":"info","ts":1722507729.4285872,"caller":"grpc/server.go:66","msg":"Starting grpc server: 127.0.0.1:8081"}
{"level":"info","ts":1722507952.1425834,"caller":"http/server.go:107","msg":"Starting http server: :443"}
{"level":"info","ts":1722507952.1449964,"caller":"grpc/server.go:66","msg":"Starting grpc server: :8081"}
{"level":"info","ts":1722507983.309081,"caller":"http/server.go:107","msg":"Starting http server: :8080"}
{"level":"info","ts":1722507983.3107266,"caller":"grpc/server.go:66","msg":"Starting grpc server: :8081"}
{"level":"info","ts":1722508072.29313,"caller":"http/server.go:107","msg":"Starting http server: :8080"}
{"level":"info","ts":1722508072.2945085,"caller":"grpc/server.go:66","msg":"Starting grpc server: :8081"}
{"level":"info","ts":1722508093.8905857,"caller":"http/server.go:107","msg":"Starting http server: :443"}
{"level":"info","ts":1722508093.8923392,"caller":"grpc/server.go:66","msg":"Starting grpc server: :8081"}
{"level":"info","ts":1722508303.4750104,"caller":"http/server.go:117","msg":"Starting http server: :443"}
{"level":"info","ts":1722508303.476915,"caller":"grpc/server.go:66","msg":"Starting grpc server: :8081"}
{"level":"info","ts":1722508486.259038,"caller":"http/server.go:117","msg":"Starting http server: :443"}
{"level":"info","ts":1722508486.2604544,"caller":"grpc/server.go:66","msg":"Starting grpc server: :8081"}
{"level":"info","ts":1722508591.8702917,"caller":"http/server.go:117","msg":"Starting http server: :443"}
{"level":"info","ts":1722508615.73881,"caller":"http/server.go:117","msg":"Starting http server: :443"}
{"level":"info","ts":1722588441.0188568,"caller":"http/server.go:106","msg":"Starting http server: :443"}
{"level":"info","ts":1722588441.0212476,"caller":"grpc/server.go:66","msg":"Starting grpc server: :8081"}
{"level":"info","ts":1722588446.5263276,"caller":"http/server.go:106","msg":"Starting http server: :443"}
{"level":"info","ts":1722588446.5287724,"caller":"grpc/server.go:66","msg":"Starting grpc server: :8081"}
{"level":"info","ts":1722588504.6941488,"caller":"http/server.go:106","msg":"Starting http server: 8080"}
{"level":"info","ts":1722588510.9638293,"caller":"http/server.go:106","msg":"Starting http server: :8080"}
{"level":"info","ts":1722588510.965212,"caller":"grpc/server.go:66","msg":"Starting grpc server: :8081"}
{"level":"info","ts":1722588809.149771,"caller":"http/server.go:106","msg":"Starting http server: :8080"}
{"level":"info","ts":1722588809.151731,"caller":"grpc/server.go:66","msg":"Starting grpc server: :8081"}
{"level":"info","ts":1722588851.2200875,"caller":"http/server.go:107","msg":"Starting http server: :8080"}
{"level":"info","ts":1722588851.2276342,"caller":"grpc/server.go:66","msg":"Starting grpc server: :8081"}
{"level":"info","ts":1722588911.4512699,"caller":"http/server.go:106","msg":"Starting http server: :8080"}
{"level":"info","ts":1722588911.4533274,"caller":"grpc/server.go:66","msg":"Starting grpc server: :8081"}
{"level":"info","ts":1722589087.6159768,"caller":"http/server.go:106","msg":"Starting http server: :8080"}
{"level":"info","ts":1722589120.1160607,"caller":"http/server.go:106","msg":"Starting http server: :8080"}
{"level":"info","ts":1722589246.0489426,"caller":"http/server.go:106","msg":"Starting http server: :8080"}
{"level":"info","ts":1722589956.1931465,"caller":"http/server.go:106","msg":"Starting http server: :8080"}
{"level":"info","ts":1722589956.1944945,"caller":"grpc/server.go:66","msg":"Starting grpc server: :8081"}
{"level":"info","ts":1722589985.3172174,"caller":"http/server.go:106","msg":"Starting http server: :8080"}
{"level":"info","ts":1722589985.3185625,"caller":"grpc/server.go:66","msg":"Starting grpc server: :8081"}
{"level":"info","ts":1722589993.962844,"caller":"http/server.go:106","msg":"Starting http server: :8080"}
{"level":"info","ts":1722589993.9641724,"caller":"grpc/server.go:66","msg":"Starting grpc server: :8081"}
{"level":"info","ts":1722590262.4175327,"caller":"http/server.go:106","msg":"Starting http server: :8080"}
{"level":"info","ts":1722590262.419432,"caller":"grpc/server.go:66","msg":"Starting grpc server: :8081"}
{"level":"info","ts":1722590284.6796513,"caller":"http/server.go:106","msg":"Starting http server: :8080"}
{"level":"info","ts":1722590284.6811118,"caller":"grpc/server.go:66","msg":"Starting grpc server: :8081"}
{"level":"info","ts":1722590319.512456,"caller":"http/server.go:106","msg":"Starting http server: :8080"}
{"level":"info","ts":1722590319.5136309,"caller":"grpc/server.go:66","msg":"Starting grpc server: :8081"}
{"level":"info","ts":1722590338.3650346,"caller":"http/server.go:106","msg":"Starting http server: :8080"}
{"level":"info","ts":1722590338.367012,"caller":"grpc/server.go:66","msg":"Starting grpc server: :8081"}
{"level":"info","ts":1722590369.3773491,"caller":"http/server.go:106","msg":"Starting http server: :8080"}
{"level":"info","ts":1722590369.378599,"caller":"grpc/server.go:66","msg":"Starting grpc server: :8081"}
{"level":"info","ts":1722590378.2901993,"caller":"http/server.go:106","msg":"Starting http server: :8080"}
{"level":"info","ts":1722590378.2915213,"caller":"grpc/server.go:66","msg":"Starting grpc server: :8081"}
{"level":"info","ts":1722590709.0309367,"caller":"http/server.go:106","msg":"Starting http server: :8080"}
{"level":"info","ts":1722590709.0323105,"caller":"grpc/server.go:66","msg":"Starting grpc server: :8081"}
{"level":"info","ts":1722593591.763637,"caller":"http/server.go:106","msg":"Starting http server: :8080"}
{"level":"info","ts":1722593591.7762585,"caller":"grpc/server.go:66","msg":"Starting grpc server: :8081"}
{"level":"info","ts":1722593985.8757224,"caller":"http/server.go:110","msg":"Starting http server: :8080"}
{"level":"info","ts":1722593985.8777676,"caller":"grpc/server.go:66","msg":"Starting grpc server: :8081"}
{"level":"info","ts":1722594002.664668,"caller":"http/server.go:111","msg":"Starting http server: :https"}
{"level":"info","ts":1722594002.6663704,"caller":"grpc/server.go:66","msg":"Starting grpc server: :8081"}
{"level":"info","ts":1723429333.8872662,"caller":"http/server.go:111","msg":"Starting http server: :https"}
{"level":"info","ts":1723429333.8886588,"caller":"grpc/server.go:66","msg":"Starting grpc server: :8081"}
{"level":"info","ts":1723429707.9326751,"caller":"http/server.go:111","msg":"Starting http server: :https"}
{"level":"info","ts":1723429707.9340506,"caller":"grpc/server.go:66","msg":"Starting grpc server: :8081"}
{"level":"info","ts":1723430140.8623545,"caller":"http/server.go:111","msg":"Starting http server: :https"}
{"level":"info","ts":1723430140.8709035,"caller":"grpc/server.go:66","msg":"Starting grpc server: :8081"}
{"level":"info","ts":1723430444.572168,"caller":"http/server.go:111","msg":"Starting http server: :https"}
{"level":"info","ts":1723430444.5741751,"caller":"grpc/server.go:66","msg":"Starting grpc server: :8081"}
{"level":"info","ts":1723430543.1105118,"caller":"http/server.go:111","msg":"Starting http server: :https"}
{"level":"info","ts":1723430543.112154,"caller":"grpc/server.go:66","msg":"Starting grpc server: :8081"}
{"level":"info","ts":1723430558.5030413,"caller":"http/server.go:111","msg":"Starting http server: :https"}
{"level":"info","ts":1723430558.504603,"caller":"grpc/server.go:66","msg":"Starting grpc server: :8081"}
{"level":"info","ts":1723430614.1479037,"caller":"http/server.go:111","msg":"Starting http server: :https"}
{"level":"info","ts":1723430614.1505084,"caller":"grpc/server.go:66","msg":"Starting grpc server: :8081"}
{"level":"info","ts":1723430745.9934864,"caller":"http/server.go:111","msg":"Starting http server: :https"}
{"level":"info","ts":1723430745.9962237,"caller":"grpc/server.go:66","msg":"Starting grpc server: :8081"}
{"level":"info","ts":1723430778.440508,"caller":"http/server.go:111","msg":"Starting http server: :https"}
{"level":"info","ts":1723430778.4427454,"caller":"grpc/server.go:66","msg":"Starting grpc server: :8081"}
{"level":"info","ts":1723430805.4752572,"caller":"http/server.go:111","msg":"Starting http server: :https"}
{"level":"info","ts":1723430805.4812772,"caller":"grpc/server.go:66","msg":"Starting grpc server: :8081"}
{"level":"info","ts":1723430998.511902,"caller":"http/server.go:111","msg":"Starting http server: :https"}
{"level":"info","ts":1723430998.5134983,"caller":"grpc/server.go:66","msg":"Starting grpc server: :8081"}
{"level":"info","ts":1723431094.8902483,"caller":"http/server.go:111","msg":"Starting http server: :https"}
{"level":"info","ts":1723431094.892382,"caller":"grpc/server.go:66","msg":"Starting grpc server: :8081"}
{"level":"info","ts":1723431531.1145658,"caller":"http/server.go:111","msg":"Starting http server: :https"}
{"level":"info","ts":1723431531.1158283,"caller":"grpc/server.go:66","msg":"Starting grpc server: :8081"}
{"level":"info","ts":1723431550.9103174,"caller":"http/server.go:111","msg":"Starting http server: :https"}
{"level":"info","ts":1723431550.9121754,"caller":"grpc/server.go:66","msg":"Starting grpc server: :8081"}
{"level":"info","ts":1723431583.2917724,"caller":"http/server.go:111","msg":"Starting http server: :https"}
{"level":"info","ts":1723431583.2947607,"caller":"grpc/server.go:66","msg":"Starting grpc server: :8081"}
{"level":"info","ts":1723431737.1870434,"caller":"http/server.go:111","msg":"Starting http server: :https"}
{"level":"info","ts":1723431737.1903949,"caller":"grpc/server.go:66","msg":"Starting grpc server: :8081"}
{"level":"info","ts":1723431748.6823294,"caller":"http/server.go:111","msg":"Starting http server: :https"}
{"level":"info","ts":1723431748.6835883,"caller":"grpc/server.go:66","msg":"Starting grpc server: :8081"}
{"level":"info","ts":1723432155.7590508,"caller":"http/server.go:111","msg":"Starting http server: :https"}
{"level":"info","ts":1723432155.7612886,"caller":"grpc/server.go:69","msg":"Starting grpc server: :8081"}
{"level":"info","ts":1723432431.0389516,"caller":"http/server.go:111","msg":"Starting http server: :https"}
{"level":"info","ts":1723432431.0417223,"caller":"grpc/server.go:69","msg":"Starting grpc server: :8081"}
{"level":"info","ts":1723432584.2138937,"caller":"http/server.go:111","msg":"Starting http server: :https"}
{"level":"info","ts":1723432584.215787,"caller":"grpc/server.go:69","msg":"Starting grpc server: :8081"}
{"level":"info","ts":1723433544.3705778,"caller":"http/server.go:111","msg":"Starting http server: :https"}
{"level":"info","ts":1723434160.3792522,"caller":"http/server.go:111","msg":"Starting http server: :https"}
{"level":"info","ts":1723434180.2857592,"caller":"http/server.go:111","msg":"Starting http server: :https"}
{"level":"info","ts":1723434180.2869778,"caller":"grpc/server.go:69","msg":"Starting grpc server: :8081"}
{"level":"info","ts":1723434470.836051,"caller":"http/server.go:111","msg":"Starting http server: :https"}
{"level":"info","ts":1723434470.8390417,"caller":"grpc/server.go:70","msg":"Starting grpc server: :8081"}
{"level":"info","ts":1723434675.3166842,"caller":"http/server.go:111","msg":"Starting http server: :https"}
{"level":"info","ts":1723434675.318323,"caller":"grpc/server.go:70","msg":"Starting grpc server: :8081"}
{"level":"info","ts":1723434884.322722,"caller":"http/server.go:111","msg":"Starting http server: :https"}
{"level":"info","ts":1723434884.3239899,"caller":"grpc/server.go:70","msg":"Starting grpc server: :8081"}
{"level":"info","ts":1723435267.298315,"caller":"http/server.go:111","msg":"Starting http server: :https"}
{"level":"info","ts":1723435267.3010786,"caller":"grpc/server.go:70","msg":"Starting grpc server: :8081"}
{"level":"info","ts":1723435335.8181567,"caller":"http/server.go:111","msg":"Starting http server: :https"}
{"level":"info","ts":1723435335.8212974,"caller":"grpc/server.go:70","msg":"Starting grpc server: :8081"}
{"level":"info","ts":1723435387.3394606,"caller":"http/server.go:111","msg":"Starting http server: :https"}
{"level":"info","ts":1723435387.3408666,"caller":"grpc/server.go:70","msg":"Starting grpc server: :8081"}
{"level":"info","ts":1723435476.332365,"caller":"http/server.go:111","msg":"Starting http server: :https"}
{"level":"info","ts":1723435476.333866,"caller":"grpc/server.go:70","msg":"Starting grpc server: :8081"}
{"level":"info","ts":1723435594.7127092,"caller":"http/server.go:111","msg":"Starting http server: :https"}
{"level":"info","ts":1723435594.714073,"caller":"grpc/server.go:70","msg":"Starting grpc server: :8081"}
{"level":"info","ts":1723435740.2532482,"caller":"http/server.go:111","msg":"Starting http server: :https"}
{"level":"info","ts":1723435740.254778,"caller":"grpc/server.go:69","msg":"Starting grpc server: :8081"}
{"level":"info","ts":1723435765.4058175,"caller":"http/server.go:111","msg":"Starting http server: :https"}
{"level":"info","ts":1723435765.4074373,"caller":"grpc/server.go:69","msg":"Starting grpc server: :8081"}
{"level":"info","ts":1723440151.7263875,"caller":"http/server.go:111","msg":"Starting http server: :https"}
{"level":"info","ts":1723440151.728378,"caller":"grpc/server.go:69","msg":"Starting grpc server: :8081"}
{"level":"info","ts":1723440300.1681101,"caller":"http/server.go:111","msg":"Starting http server: :https"}
{"level":"info","ts":1723440300.1703353,"caller":"grpc/server.go:69","msg":"Starting grpc server: :8081"}
{"level":"info","ts":1723440321.844103,"caller":"http/server.go:111","msg":"Starting http server: :https"}
{"level":"info","ts":1723440321.8463752,"caller":"grpc/server.go:69","msg":"Starting grpc server: :8081"}
{"level":"info","ts":1723440331.87089,"caller":"http/server.go:111","msg":"Starting http server: :https"}
{"level":"info","ts":1723440331.8731577,"caller":"grpc/server.go:69","msg":"Starting grpc server: :8081"}
{"level":"info","ts":1723440354.3936346,"caller":"http/server.go:111","msg":"Starting http server: :https"}
{"level":"info","ts":1723440354.3960655,"caller":"grpc/server.go:69","msg":"Starting grpc server: :8081"}
{"level":"info","ts":1723440396.1648128,"caller":"http/server.go:111","msg":"Starting http server: :https"}
{"level":"info","ts":1723440396.1661658,"caller":"grpc/server.go:69","msg":"Starting grpc server: :8081"}
{"level":"info","ts":1723440430.9573102,"caller":"http/server.go:111","msg":"Starting http server: :https"}
{"level":"info","ts":1723440430.9605706,"caller":"grpc/server.go:69","msg":"Starting grpc server: :8081"}
